<?xml version="1.0" encoding="UTF-8"?>
<testng-results skipped="0" failed="0" ignored="0" total="4" passed="4">
  <reporter-output>
  </reporter-output>
  <suite name="Default suite" duration-ms="6295" started-at="2024-08-01T16:42:52 IST" finished-at="2024-08-01T16:42:59 IST">
    <groups>
    </groups>
    <test name="Default test" duration-ms="6295" started-at="2024-08-01T16:42:52 IST" finished-at="2024-08-01T16:42:59 IST">
      <class name="api.test.UserTests">
        <test-method status="PASS" signature="setupData()[pri:0, instance:api.test.UserTests@11438d26]" name="setupData" is-config="true" duration-ms="164" started-at="2024-08-01T16:42:52 IST" finished-at="2024-08-01T16:42:53 IST">
          <reporter-output>
          </reporter-output>
        </test-method> <!-- setupData -->
        <test-method status="PASS" signature="testPostUser()[pri:1, instance:api.test.UserTests@11438d26]" name="testPostUser" duration-ms="2366" started-at="2024-08-01T16:42:53 IST" finished-at="2024-08-01T16:42:55 IST">
          <reporter-output>
          </reporter-output>
        </test-method> <!-- testPostUser -->
        <test-method status="PASS" signature="testGetUserByName()[pri:2, instance:api.test.UserTests@11438d26]" name="testGetUserByName" duration-ms="944" started-at="2024-08-01T16:42:55 IST" finished-at="2024-08-01T16:42:56 IST">
          <reporter-output>
          </reporter-output>
        </test-method> <!-- testGetUserByName -->
        <test-method status="PASS" signature="testUpdateUserByName()[pri:3, instance:api.test.UserTests@11438d26]" name="testUpdateUserByName" duration-ms="1861" started-at="2024-08-01T16:42:56 IST" finished-at="2024-08-01T16:42:58 IST">
          <reporter-output>
          </reporter-output>
        </test-method> <!-- testUpdateUserByName -->
        <test-method status="PASS" signature="testDeleteUserByName()[pri:4, instance:api.test.UserTests@11438d26]" name="testDeleteUserByName" duration-ms="930" started-at="2024-08-01T16:42:58 IST" finished-at="2024-08-01T16:42:59 IST">
          <reporter-output>
          </reporter-output>
        </test-method> <!-- testDeleteUserByName -->
      </class> <!-- api.test.UserTests -->
    </test> <!-- Default test -->
  </suite> <!-- Default suite -->
</testng-results>
