<?xml version="1.0" encoding="UTF-8"?>
<!-- Generated by org.testng.reporters.JUnitXMLReporter -->
<testsuite hostname="Bhargav" ignored="0" name="Default test" tests="4" failures="0" timestamp="2024-08-01T16:42:59 IST" time="6.295" errors="0">
  <testcase name="testPostUser" time="2.366" classname="api.test.UserTests"/>
  <testcase name="testGetUserByName" time="0.944" classname="api.test.UserTests"/>
  <testcase name="testUpdateUserByName" time="1.861" classname="api.test.UserTests"/>
  <testcase name="testDeleteUserByName" time="0.93" classname="api.test.UserTests"/>
</testsuite> <!-- Default test -->
